[10204:1804:0218/180400.177:WARNING:chrome_main_delegate.cc(745)] This is Chrome version 128.0.6613.138 (not a warning)
[10204:20292:0218/180400.491:ERROR:google_update_settings.cc(265)] Failed opening key Software\Chromium to set usagestats; result: 5
[10204:1804:0218/180400.620:WARNING:account_consistency_mode_manager.cc(77)] Desktop Identity Consistency cannot be enabled as no OAuth client ID and client secret have been configured.
[10204:1804:0218/180404.049:WARNING:external_registry_loader_win.cc(232)] Error observing HKLM: 5
[16080:22016:0218/180405.406:WARNING:frame_impl.cc(430)] virtual CefFrameImpl::SendProcessMessage sent to detached frame 5-3D3887433190C0410B7F25BC81DC1FDB will be ignored
[17960:21872:0218/180408.099:ERROR:ssl_client_socket_impl.cc(882)] handshake failed; returned -1, SSL error code 1, net_error -100
[17960:21872:0218/180408.782:ERROR:ssl_client_socket_impl.cc(882)] handshake failed; returned -1, SSL error code 1, net_error -107
[10204:1804:0218/180410.403:ERROR:device_event_log_impl.cc(196)] [18:04:10.402] USB: usb_service_win.cc:105 SetupDiGetDeviceProperty({{A45C254E-DF1C-4EFD-8020-67D146A850E0}, 6}) failed: Element not found. (0x490)
[17960:21872:0218/180418.407:ERROR:ssl_client_socket_impl.cc(882)] handshake failed; returned -1, SSL error code 1, net_error -100
[17960:21872:0218/180430.743:ERROR:ssl_client_socket_impl.cc(882)] handshake failed; returned -1, SSL error code 1, net_error -100
[10204:10004:0218/183611.697:ERROR:cast_crl.cc(443)] CRL - Verification failed.
[10204:10004:0218/202653.817:VERBOSE1:media_stream_manager.cc(1533)] MSPL::OnSpeedLimitChange({this=00005D24000B2D40}, {new_limit=66})
[10204:10004:0218/202654.817:VERBOSE1:media_stream_manager.cc(1533)] MSPL::OnSpeedLimitChange({this=00005D24000B2D40}, {new_limit=68})
[10204:10004:0218/202656.818:VERBOSE1:media_stream_manager.cc(1533)] MSPL::OnSpeedLimitChange({this=00005D24000B2D40}, {new_limit=70})
[10204:10004:0218/202657.814:VERBOSE1:media_stream_manager.cc(1533)] MSPL::OnSpeedLimitChange({this=00005D24000B2D40}, {new_limit=71})
[10204:10004:0218/202658.818:VERBOSE1:media_stream_manager.cc(1533)] MSPL::OnSpeedLimitChange({this=00005D24000B2D40}, {new_limit=73})
[10204:10004:0218/202659.814:VERBOSE1:media_stream_manager.cc(1533)] MSPL::OnSpeedLimitChange({this=00005D24000B2D40}, {new_limit=74})
[10204:10004:0218/202700.822:VERBOSE1:media_stream_manager.cc(1533)] MSPL::OnSpeedLimitChange({this=00005D24000B2D40}, {new_limit=76})
[10204:10004:0218/202702.817:VERBOSE1:media_stream_manager.cc(1533)] MSPL::OnSpeedLimitChange({this=00005D24000B2D40}, {new_limit=77})
[10204:10004:0218/202703.818:VERBOSE1:media_stream_manager.cc(1533)] MSPL::OnSpeedLimitChange({this=00005D24000B2D40}, {new_limit=78})
[10204:10004:0218/202704.819:VERBOSE1:media_stream_manager.cc(1533)] MSPL::OnSpeedLimitChange({this=00005D24000B2D40}, {new_limit=77})
[10204:10004:0218/202708.823:VERBOSE1:media_stream_manager.cc(1533)] MSPL::OnSpeedLimitChange({this=00005D24000B2D40}, {new_limit=76})
[10204:10004:0218/202712.832:VERBOSE1:media_stream_manager.cc(1533)] MSPL::OnSpeedLimitChange({this=00005D24000B2D40}, {new_limit=74})
[10204:10004:0218/202713.826:VERBOSE1:media_stream_manager.cc(1533)] MSPL::OnSpeedLimitChange({this=00005D24000B2D40}, {new_limit=73})
[10204:10004:0218/202714.829:VERBOSE1:media_stream_manager.cc(1533)] MSPL::OnSpeedLimitChange({this=00005D24000B2D40}, {new_limit=72})
[10204:10004:0218/202715.829:VERBOSE1:media_stream_manager.cc(1533)] MSPL::OnSpeedLimitChange({this=00005D24000B2D40}, {new_limit=71})
[10204:10004:0218/202716.925:VERBOSE1:media_stream_manager.cc(1533)] MSPL::OnSpeedLimitChange({this=00005D24000B2D40}, {new_limit=72})
[10204:10004:0218/202718.924:VERBOSE1:media_stream_manager.cc(1533)] MSPL::OnSpeedLimitChange({this=00005D24000B2D40}, {new_limit=100})
[10204:1804:0218/202743.825:VERBOSE1:device_event_log_impl.cc(198)] [20:27:43.825] Display: EVENT: screen_win.cc:893 Displays updated, count: 2
[10204:1804:0218/202743.826:VERBOSE1:device_event_log_impl.cc(198)] [20:27:43.825] Display: EVENT: screen_win.cc:895 Display[2060560] bounds=[1920,1 1920x1080], workarea=[1920,1 1920x1032], scale=1, rotation=0, panel_rotation=0 external detected
[10204:1804:0218/202743.826:VERBOSE1:device_event_log_impl.cc(198)] [20:27:43.825] Display: EVENT: screen_win.cc:895 Display[1660204731] bounds=[0,0 1920x1080], workarea=[0,0 1920x1032], scale=1, rotation=0, panel_rotation=0 external detected
[10204:10004:0218/202752.854:VERBOSE1:media_stream_manager.cc(1533)] MSPL::OnSpeedLimitChange({this=00005D24000B2D40}, {new_limit=66})
[10204:10004:0218/202754.855:VERBOSE1:media_stream_manager.cc(1533)] MSPL::OnSpeedLimitChange({this=00005D24000B2D40}, {new_limit=64})
[10204:10004:0218/202755.852:VERBOSE1:media_stream_manager.cc(1533)] MSPL::OnSpeedLimitChange({this=00005D24000B2D40}, {new_limit=65})
[10204:10004:0218/202759.858:VERBOSE1:media_stream_manager.cc(1533)] MSPL::OnSpeedLimitChange({this=00005D24000B2D40}, {new_limit=66})
[10204:10004:0218/202801.858:VERBOSE1:media_stream_manager.cc(1533)] MSPL::OnSpeedLimitChange({this=00005D24000B2D40}, {new_limit=65})
[10204:10004:0218/202805.863:VERBOSE1:media_stream_manager.cc(1533)] MSPL::OnSpeedLimitChange({this=00005D24000B2D40}, {new_limit=64})
[10204:10004:0218/202807.867:VERBOSE1:media_stream_manager.cc(1533)] MSPL::OnSpeedLimitChange({this=00005D24000B2D40}, {new_limit=65})
[10204:10004:0218/202808.880:VERBOSE1:media_stream_manager.cc(1533)] MSPL::OnSpeedLimitChange({this=00005D24000B2D40}, {new_limit=66})
[10204:10004:0218/202810.870:VERBOSE1:media_stream_manager.cc(1533)] MSPL::OnSpeedLimitChange({this=00005D24000B2D40}, {new_limit=67})
[10204:10004:0218/202813.864:VERBOSE1:media_stream_manager.cc(1533)] MSPL::OnSpeedLimitChange({this=00005D24000B2D40}, {new_limit=69})
[10204:10004:0218/202816.865:VERBOSE1:media_stream_manager.cc(1533)] MSPL::OnSpeedLimitChange({this=00005D24000B2D40}, {new_limit=70})
[10204:10004:0218/202818.873:VERBOSE1:media_stream_manager.cc(1533)] MSPL::OnSpeedLimitChange({this=00005D24000B2D40}, {new_limit=68})
[10204:10004:0218/202820.868:VERBOSE1:media_stream_manager.cc(1533)] MSPL::OnSpeedLimitChange({this=00005D24000B2D40}, {new_limit=67})
[10204:10004:0218/202822.869:VERBOSE1:media_stream_manager.cc(1533)] MSPL::OnSpeedLimitChange({this=00005D24000B2D40}, {new_limit=66})
[10204:10004:0218/202823.868:VERBOSE1:media_stream_manager.cc(1533)] MSPL::OnSpeedLimitChange({this=00005D24000B2D40}, {new_limit=64})
[10204:10004:0218/202828.878:VERBOSE1:media_stream_manager.cc(1533)] MSPL::OnSpeedLimitChange({this=00005D24000B2D40}, {new_limit=65})
[10204:10004:0218/202832.879:VERBOSE1:media_stream_manager.cc(1533)] MSPL::OnSpeedLimitChange({this=00005D24000B2D40}, {new_limit=66})
[10204:10004:0218/202837.883:VERBOSE1:media_stream_manager.cc(1533)] MSPL::OnSpeedLimitChange({this=00005D24000B2D40}, {new_limit=65})
[10204:10004:0218/202838.892:VERBOSE1:media_stream_manager.cc(1533)] MSPL::OnSpeedLimitChange({this=00005D24000B2D40}, {new_limit=64})
[10204:10004:0218/202844.887:VERBOSE1:media_stream_manager.cc(1533)] MSPL::OnSpeedLimitChange({this=00005D24000B2D40}, {new_limit=63})
[10204:10004:0218/202847.887:VERBOSE1:media_stream_manager.cc(1533)] MSPL::OnSpeedLimitChange({this=00005D24000B2D40}, {new_limit=64})
[10204:10004:0218/202848.887:VERBOSE1:media_stream_manager.cc(1533)] MSPL::OnSpeedLimitChange({this=00005D24000B2D40}, {new_limit=63})
[10204:10004:0218/202852.891:VERBOSE1:media_stream_manager.cc(1533)] MSPL::OnSpeedLimitChange({this=00005D24000B2D40}, {new_limit=64})
[10204:10004:0218/202857.888:VERBOSE1:media_stream_manager.cc(1533)] MSPL::OnSpeedLimitChange({this=00005D24000B2D40}, {new_limit=63})
[10204:10004:0218/202859.898:VERBOSE1:media_stream_manager.cc(1533)] MSPL::OnSpeedLimitChange({this=00005D24000B2D40}, {new_limit=64})
[10204:10004:0218/202902.891:VERBOSE1:media_stream_manager.cc(1533)] MSPL::OnSpeedLimitChange({this=00005D24000B2D40}, {new_limit=63})
[10204:10004:0218/202906.894:VERBOSE1:media_stream_manager.cc(1533)] MSPL::OnSpeedLimitChange({this=00005D24000B2D40}, {new_limit=64})
[10204:10004:0218/202912.905:VERBOSE1:media_stream_manager.cc(1533)] MSPL::OnSpeedLimitChange({this=00005D24000B2D40}, {new_limit=65})
[10204:10004:0218/202916.901:VERBOSE1:media_stream_manager.cc(1533)] MSPL::OnSpeedLimitChange({this=00005D24000B2D40}, {new_limit=66})
[10204:10004:0218/202917.901:VERBOSE1:media_stream_manager.cc(1533)] MSPL::OnSpeedLimitChange({this=00005D24000B2D40}, {new_limit=68})
[10204:10004:0218/202918.902:VERBOSE1:media_stream_manager.cc(1533)] MSPL::OnSpeedLimitChange({this=00005D24000B2D40}, {new_limit=69})
[10204:10004:0218/202919.907:VERBOSE1:media_stream_manager.cc(1533)] MSPL::OnSpeedLimitChange({this=00005D24000B2D40}, {new_limit=70})
[10204:10004:0218/202920.907:VERBOSE1:media_stream_manager.cc(1533)] MSPL::OnSpeedLimitChange({this=00005D24000B2D40}, {new_limit=71})
[10204:10004:0218/202921.903:VERBOSE1:media_stream_manager.cc(1533)] MSPL::OnSpeedLimitChange({this=00005D24000B2D40}, {new_limit=72})
[10204:10004:0218/202923.910:VERBOSE1:media_stream_manager.cc(1533)] MSPL::OnSpeedLimitChange({this=00005D24000B2D40}, {new_limit=73})
[10204:10004:0218/202924.906:VERBOSE1:media_stream_manager.cc(1533)] MSPL::OnSpeedLimitChange({this=00005D24000B2D40}, {new_limit=72})
[10204:10004:0218/202925.910:VERBOSE1:media_stream_manager.cc(1533)] MSPL::OnSpeedLimitChange({this=00005D24000B2D40}, {new_limit=73})
[10204:10004:0218/202926.914:VERBOSE1:media_stream_manager.cc(1533)] MSPL::OnSpeedLimitChange({this=00005D24000B2D40}, {new_limit=71})
[10204:10004:0218/202927.914:VERBOSE1:media_stream_manager.cc(1533)] MSPL::OnSpeedLimitChange({this=00005D24000B2D40}, {new_limit=69})
[10204:10004:0218/202928.907:VERBOSE1:media_stream_manager.cc(1533)] MSPL::OnSpeedLimitChange({this=00005D24000B2D40}, {new_limit=66})
[10204:10004:0218/202929.914:VERBOSE1:media_stream_manager.cc(1533)] MSPL::OnSpeedLimitChange({this=00005D24000B2D40}, {new_limit=65})
[10204:10004:0218/202930.914:VERBOSE1:media_stream_manager.cc(1533)] MSPL::OnSpeedLimitChange({this=00005D24000B2D40}, {new_limit=64})
[17960:21872:0218/202931.848:VERBOSE1:network_delegate.cc(36)] NetworkDelegate::NotifyBeforeURLRequest: https://optimizationguide-pa.googleapis.com/v1:GetModels?key=dummytoken
[17960:21872:0218/202931.883:VERBOSE1:tls_handshaker.cc(105)] TlsClient: Continuing handshake
[17960:21872:0218/202931.883:VERBOSE1:tls_handshaker.cc(126)] TlsClient: SSL_do_handshake returned when entering early data. After retry, rv=-1, SSL_in_early_data=1
[17960:21872:0218/202931.895:VERBOSE1:tls_handshaker.cc(105)] TlsClient: Continuing handshake
[17960:21872:0218/202931.895:VERBOSE1:tls_handshaker.cc(105)] TlsClient: Continuing handshake
[17960:21872:0218/202931.895:VERBOSE1:tls_client_handshaker.cc(528)] Client: handshake finished
[10204:10004:0218/202931.914:VERBOSE1:media_stream_manager.cc(1533)] MSPL::OnSpeedLimitChange({this=00005D24000B2D40}, {new_limit=62})
[10204:10004:0218/202934.919:VERBOSE1:media_stream_manager.cc(1533)] MSPL::OnSpeedLimitChange({this=00005D24000B2D40}, {new_limit=64})
[10204:10004:0218/202938.042:VERBOSE1:media_stream_manager.cc(1533)] MSPL::OnSpeedLimitChange({this=00005D24000B2D40}, {new_limit=65})
[10204:1804:0218/202938.733:VERBOSE1:device_event_log_impl.cc(198)] [20:29:38.733] Display: EVENT: screen_win.cc:893 Displays updated, count: 2
[10204:1804:0218/202938.733:VERBOSE1:device_event_log_impl.cc(198)] [20:29:38.733] Display: EVENT: screen_win.cc:895 Display[2060560] bounds=[1920,1 1920x1080], workarea=[1920,1 1920x1032], scale=1, rotation=0, panel_rotation=0 external detected
[10204:1804:0218/202938.733:VERBOSE1:device_event_log_impl.cc(198)] [20:29:38.733] Display: EVENT: screen_win.cc:895 Display[1660204731] bounds=[0,0 1920x1080], workarea=[0,0 1920x1032], scale=1, rotation=0, panel_rotation=0 external detected
[10204:10004:0218/202939.047:VERBOSE1:media_stream_manager.cc(1533)] MSPL::OnSpeedLimitChange({this=00005D24000B2D40}, {new_limit=69})
[10204:10004:0218/202944.916:VERBOSE1:media_stream_manager.cc(1533)] MSPL::OnSpeedLimitChange({this=00005D24000B2D40}, {new_limit=68})
[10204:10004:0218/202945.924:VERBOSE1:media_stream_manager.cc(1533)] MSPL::OnSpeedLimitChange({this=00005D24000B2D40}, {new_limit=67})
[10204:10004:0218/202947.919:VERBOSE1:media_stream_manager.cc(1533)] MSPL::OnSpeedLimitChange({this=00005D24000B2D40}, {new_limit=66})
[10204:10004:0218/202948.922:VERBOSE1:media_stream_manager.cc(1533)] MSPL::OnSpeedLimitChange({this=00005D24000B2D40}, {new_limit=64})
[10204:10004:0218/202949.924:VERBOSE1:media_stream_manager.cc(1533)] MSPL::OnSpeedLimitChange({this=00005D24000B2D40}, {new_limit=65})
[10204:10004:0218/202950.928:VERBOSE1:media_stream_manager.cc(1533)] MSPL::OnSpeedLimitChange({this=00005D24000B2D40}, {new_limit=64})
[10204:10004:0218/202951.929:VERBOSE1:media_stream_manager.cc(1533)] MSPL::OnSpeedLimitChange({this=00005D24000B2D40}, {new_limit=65})
[10204:10004:0218/202953.929:VERBOSE1:media_stream_manager.cc(1533)] MSPL::OnSpeedLimitChange({this=00005D24000B2D40}, {new_limit=64})
[10204:10004:0218/202956.929:VERBOSE1:media_stream_manager.cc(1533)] MSPL::OnSpeedLimitChange({this=00005D24000B2D40}, {new_limit=63})
[10204:10004:0218/202957.930:VERBOSE1:media_stream_manager.cc(1533)] MSPL::OnSpeedLimitChange({this=00005D24000B2D40}, {new_limit=64})
[10204:10004:0218/203001.950:VERBOSE1:media_stream_manager.cc(1533)] MSPL::OnSpeedLimitChange({this=00005D24000B2D40}, {new_limit=65})
[10204:10004:0218/203003.933:VERBOSE1:media_stream_manager.cc(1533)] MSPL::OnSpeedLimitChange({this=00005D24000B2D40}, {new_limit=66})
[10204:10004:0218/203013.229:VERBOSE1:media_stream_manager.cc(1533)] MSPL::OnSpeedLimitChange({this=00005D24000B2D40}, {new_limit=68})
[10204:10004:0218/203014.227:VERBOSE1:media_stream_manager.cc(1533)] MSPL::OnSpeedLimitChange({this=00005D24000B2D40}, {new_limit=70})
[10204:1804:0218/203014.493:VERBOSE1:device_event_log_impl.cc(198)] [20:30:14.493] Display: EVENT: screen_win.cc:893 Displays updated, count: 2
[10204:1804:0218/203014.494:VERBOSE1:device_event_log_impl.cc(198)] [20:30:14.493] Display: EVENT: screen_win.cc:895 Display[2060560] bounds=[1920,1 1920x1080], workarea=[1920,1 1920x1032], scale=1, rotation=0, panel_rotation=0 external detected
[10204:1804:0218/203014.494:VERBOSE1:device_event_log_impl.cc(198)] [20:30:14.493] Display: EVENT: screen_win.cc:895 Display[1660204731] bounds=[0,0 1920x1080], workarea=[0,0 1920x1032], scale=1, rotation=0, panel_rotation=0 external detected
[10204:10004:0218/203014.939:VERBOSE1:media_stream_manager.cc(1533)] MSPL::OnSpeedLimitChange({this=00005D24000B2D40}, {new_limit=69})
[10204:10004:0218/203015.940:VERBOSE1:media_stream_manager.cc(1533)] MSPL::OnSpeedLimitChange({this=00005D24000B2D40}, {new_limit=70})
[10204:10004:0218/203016.954:VERBOSE1:media_stream_manager.cc(1533)] MSPL::OnSpeedLimitChange({this=00005D24000B2D40}, {new_limit=72})
[10204:10004:0218/203018.943:VERBOSE1:media_stream_manager.cc(1533)] MSPL::OnSpeedLimitChange({this=00005D24000B2D40}, {new_limit=71})
[10204:10004:0218/203021.949:VERBOSE1:media_stream_manager.cc(1533)] MSPL::OnSpeedLimitChange({this=00005D24000B2D40}, {new_limit=69})
[10204:10004:0218/203022.948:VERBOSE1:media_stream_manager.cc(1533)] MSPL::OnSpeedLimitChange({this=00005D24000B2D40}, {new_limit=67})
[10204:10004:0218/203023.948:VERBOSE1:media_stream_manager.cc(1533)] MSPL::OnSpeedLimitChange({this=00005D24000B2D40}, {new_limit=65})
[10204:10004:0218/203026.112:VERBOSE1:media_stream_manager.cc(1533)] MSPL::OnSpeedLimitChange({this=00005D24000B2D40}, {new_limit=67})
[10204:10004:0218/203028.109:VERBOSE1:media_stream_manager.cc(1533)] MSPL::OnSpeedLimitChange({this=00005D24000B2D40}, {new_limit=70})
[10204:10004:0218/203029.108:VERBOSE1:media_stream_manager.cc(1533)] MSPL::OnSpeedLimitChange({this=00005D24000B2D40}, {new_limit=72})
[10204:10004:0218/203030.109:VERBOSE1:media_stream_manager.cc(1533)] MSPL::OnSpeedLimitChange({this=00005D24000B2D40}, {new_limit=74})
[10204:10004:0218/203031.109:VERBOSE1:media_stream_manager.cc(1533)] MSPL::OnSpeedLimitChange({this=00005D24000B2D40}, {new_limit=76})
[10204:10004:0218/203032.108:VERBOSE1:media_stream_manager.cc(1533)] MSPL::OnSpeedLimitChange({this=00005D24000B2D40}, {new_limit=79})
[10204:10004:0218/203033.110:VERBOSE1:media_stream_manager.cc(1533)] MSPL::OnSpeedLimitChange({this=00005D24000B2D40}, {new_limit=100})
[10204:1804:0218/203128.598:VERBOSE1:device_event_log_impl.cc(198)] [20:31:28.599] Display: EVENT: screen_win.cc:893 Displays updated, count: 2
[10204:1804:0218/203128.599:VERBOSE1:device_event_log_impl.cc(198)] [20:31:28.599] Display: EVENT: screen_win.cc:895 Display[2060560] bounds=[1920,1 1920x1080], workarea=[1920,1 1920x1032], scale=1, rotation=0, panel_rotation=0 external detected
[10204:1804:0218/203128.599:VERBOSE1:device_event_log_impl.cc(198)] [20:31:28.599] Display: EVENT: screen_win.cc:895 Display[1660204731] bounds=[0,0 1920x1080], workarea=[0,0 1920x1032], scale=1, rotation=0, panel_rotation=0 external detected
[10204:10004:0218/203134.992:VERBOSE1:media_stream_manager.cc(1533)] MSPL::OnSpeedLimitChange({this=00005D24000B2D40}, {new_limit=74})
[10204:10004:0218/203136.992:VERBOSE1:media_stream_manager.cc(1533)] MSPL::OnSpeedLimitChange({this=00005D24000B2D40}, {new_limit=73})
[10204:10004:0218/203137.993:VERBOSE1:media_stream_manager.cc(1533)] MSPL::OnSpeedLimitChange({this=00005D24000B2D40}, {new_limit=72})
[10204:10004:0218/203138.998:VERBOSE1:media_stream_manager.cc(1533)] MSPL::OnSpeedLimitChange({this=00005D24000B2D40}, {new_limit=73})
[10204:10004:0218/203140.008:VERBOSE1:media_stream_manager.cc(1533)] MSPL::OnSpeedLimitChange({this=00005D24000B2D40}, {new_limit=74})
[10204:10004:0218/203141.005:VERBOSE1:media_stream_manager.cc(1533)] MSPL::OnSpeedLimitChange({this=00005D24000B2D40}, {new_limit=75})
[10204:10004:0218/203142.996:VERBOSE1:media_stream_manager.cc(1533)] MSPL::OnSpeedLimitChange({this=00005D24000B2D40}, {new_limit=74})
[10204:10004:0218/203143.997:VERBOSE1:media_stream_manager.cc(1533)] MSPL::OnSpeedLimitChange({this=00005D24000B2D40}, {new_limit=73})
[10204:10004:0218/203145.002:VERBOSE1:media_stream_manager.cc(1533)] MSPL::OnSpeedLimitChange({this=00005D24000B2D40}, {new_limit=71})
[10204:10004:0218/203146.996:VERBOSE1:media_stream_manager.cc(1533)] MSPL::OnSpeedLimitChange({this=00005D24000B2D40}, {new_limit=70})
[10204:10004:0218/203147.996:VERBOSE1:media_stream_manager.cc(1533)] MSPL::OnSpeedLimitChange({this=00005D24000B2D40}, {new_limit=69})
[10204:10004:0218/203149.005:VERBOSE1:media_stream_manager.cc(1533)] MSPL::OnSpeedLimitChange({this=00005D24000B2D40}, {new_limit=67})
[10204:10004:0218/203150.006:VERBOSE1:media_stream_manager.cc(1533)] MSPL::OnSpeedLimitChange({this=00005D24000B2D40}, {new_limit=66})
[10204:10004:0218/203151.006:VERBOSE1:media_stream_manager.cc(1533)] MSPL::OnSpeedLimitChange({this=00005D24000B2D40}, {new_limit=65})
[10204:10004:0218/203153.002:VERBOSE1:media_stream_manager.cc(1533)] MSPL::OnSpeedLimitChange({this=00005D24000B2D40}, {new_limit=64})
[10204:10004:0218/203155.016:VERBOSE1:media_stream_manager.cc(1533)] MSPL::OnSpeedLimitChange({this=00005D24000B2D40}, {new_limit=65})
[10204:10004:0218/203156.006:VERBOSE1:media_stream_manager.cc(1533)] MSPL::OnSpeedLimitChange({this=00005D24000B2D40}, {new_limit=64})
[10204:10004:0218/203157.009:VERBOSE1:media_stream_manager.cc(1533)] MSPL::OnSpeedLimitChange({this=00005D24000B2D40}, {new_limit=67})
[10204:10004:0218/203158.005:VERBOSE1:media_stream_manager.cc(1533)] MSPL::OnSpeedLimitChange({this=00005D24000B2D40}, {new_limit=69})
[10204:10004:0218/203159.012:VERBOSE1:media_stream_manager.cc(1533)] MSPL::OnSpeedLimitChange({this=00005D24000B2D40}, {new_limit=68})
[10204:10004:0218/203202.009:VERBOSE1:media_stream_manager.cc(1533)] MSPL::OnSpeedLimitChange({this=00005D24000B2D40}, {new_limit=69})
[10204:10004:0218/203205.011:VERBOSE1:media_stream_manager.cc(1533)] MSPL::OnSpeedLimitChange({this=00005D24000B2D40}, {new_limit=68})
[10204:10004:0218/203206.014:VERBOSE1:media_stream_manager.cc(1533)] MSPL::OnSpeedLimitChange({this=00005D24000B2D40}, {new_limit=69})
[10204:10004:0218/203207.013:VERBOSE1:media_stream_manager.cc(1533)] MSPL::OnSpeedLimitChange({this=00005D24000B2D40}, {new_limit=67})
[10204:10004:0218/203208.017:VERBOSE1:media_stream_manager.cc(1533)] MSPL::OnSpeedLimitChange({this=00005D24000B2D40}, {new_limit=64})
[10204:10004:0218/203209.019:VERBOSE1:media_stream_manager.cc(1533)] MSPL::OnSpeedLimitChange({this=00005D24000B2D40}, {new_limit=67})
[10204:10004:0218/203211.014:VERBOSE1:media_stream_manager.cc(1533)] MSPL::OnSpeedLimitChange({this=00005D24000B2D40}, {new_limit=68})
[10204:10004:0218/203213.014:VERBOSE1:media_stream_manager.cc(1533)] MSPL::OnSpeedLimitChange({this=00005D24000B2D40}, {new_limit=69})
[10204:10004:0218/203214.014:VERBOSE1:media_stream_manager.cc(1533)] MSPL::OnSpeedLimitChange({this=00005D24000B2D40}, {new_limit=70})
[10204:10004:0218/203216.021:VERBOSE1:media_stream_manager.cc(1533)] MSPL::OnSpeedLimitChange({this=00005D24000B2D40}, {new_limit=71})
[10204:10004:0218/203217.021:VERBOSE1:media_stream_manager.cc(1533)] MSPL::OnSpeedLimitChange({this=00005D24000B2D40}, {new_limit=73})
[10204:10004:0218/203218.021:VERBOSE1:media_stream_manager.cc(1533)] MSPL::OnSpeedLimitChange({this=00005D24000B2D40}, {new_limit=74})
[10204:10004:0218/203219.021:VERBOSE1:media_stream_manager.cc(1533)] MSPL::OnSpeedLimitChange({this=00005D24000B2D40}, {new_limit=72})
[10204:10004:0218/203221.022:VERBOSE1:media_stream_manager.cc(1533)] MSPL::OnSpeedLimitChange({this=00005D24000B2D40}, {new_limit=71})
[10204:10004:0218/203222.021:VERBOSE1:media_stream_manager.cc(1533)] MSPL::OnSpeedLimitChange({this=00005D24000B2D40}, {new_limit=69})
[10204:10004:0218/203223.021:VERBOSE1:media_stream_manager.cc(1533)] MSPL::OnSpeedLimitChange({this=00005D24000B2D40}, {new_limit=68})
[10204:10004:0218/203225.026:VERBOSE1:media_stream_manager.cc(1533)] MSPL::OnSpeedLimitChange({this=00005D24000B2D40}, {new_limit=69})
[10204:10004:0218/203226.023:VERBOSE1:media_stream_manager.cc(1533)] MSPL::OnSpeedLimitChange({this=00005D24000B2D40}, {new_limit=68})
[10204:10004:0218/203227.022:VERBOSE1:media_stream_manager.cc(1533)] MSPL::OnSpeedLimitChange({this=00005D24000B2D40}, {new_limit=67})
[10204:10004:0218/203228.022:VERBOSE1:media_stream_manager.cc(1533)] MSPL::OnSpeedLimitChange({this=00005D24000B2D40}, {new_limit=68})
[17960:21872:0218/203229.771:VERBOSE1:network_delegate.cc(36)] NetworkDelegate::NotifyBeforeURLRequest: https://optimizationguide-pa.googleapis.com/v1:GetModels?key=dummytoken
[17960:21872:0218/203229.819:VERBOSE1:tls_handshaker.cc(105)] TlsClient: Continuing handshake
[17960:21872:0218/203229.819:VERBOSE1:tls_handshaker.cc(126)] TlsClient: SSL_do_handshake returned when entering early data. After retry, rv=-1, SSL_in_early_data=1
[17960:21872:0218/203229.851:VERBOSE1:tls_handshaker.cc(105)] TlsClient: Continuing handshake
[17960:21872:0218/203229.851:VERBOSE1:tls_handshaker.cc(105)] TlsClient: Continuing handshake
[17960:21872:0218/203229.851:VERBOSE1:tls_client_handshaker.cc(528)] Client: handshake finished
[10204:10004:0218/203231.030:VERBOSE1:media_stream_manager.cc(1533)] MSPL::OnSpeedLimitChange({this=00005D24000B2D40}, {new_limit=69})
[10204:10004:0218/203234.029:VERBOSE1:media_stream_manager.cc(1533)] MSPL::OnSpeedLimitChange({this=00005D24000B2D40}, {new_limit=68})
[10204:10004:0218/203235.029:VERBOSE1:media_stream_manager.cc(1533)] MSPL::OnSpeedLimitChange({this=00005D24000B2D40}, {new_limit=67})
[10204:10004:0218/203238.034:VERBOSE1:media_stream_manager.cc(1533)] MSPL::OnSpeedLimitChange({this=00005D24000B2D40}, {new_limit=65})
[10204:10004:0218/203241.055:VERBOSE1:media_stream_manager.cc(1533)] MSPL::OnSpeedLimitChange({this=00005D24000B2D40}, {new_limit=66})
[10204:10004:0218/203243.037:VERBOSE1:media_stream_manager.cc(1533)] MSPL::OnSpeedLimitChange({this=00005D24000B2D40}, {new_limit=67})
[10204:10004:0218/203245.040:VERBOSE1:media_stream_manager.cc(1533)] MSPL::OnSpeedLimitChange({this=00005D24000B2D40}, {new_limit=66})
[10204:10004:0218/203246.039:VERBOSE1:media_stream_manager.cc(1533)] MSPL::OnSpeedLimitChange({this=00005D24000B2D40}, {new_limit=68})
[10204:10004:0218/203247.040:VERBOSE1:media_stream_manager.cc(1533)] MSPL::OnSpeedLimitChange({this=00005D24000B2D40}, {new_limit=67})
[10204:10004:0218/203249.194:VERBOSE1:media_stream_manager.cc(1533)] MSPL::OnSpeedLimitChange({this=00005D24000B2D40}, {new_limit=70})
[10204:10004:0218/203250.042:VERBOSE1:media_stream_manager.cc(1533)] MSPL::OnSpeedLimitChange({this=00005D24000B2D40}, {new_limit=69})
[10204:10004:0218/203251.040:VERBOSE1:media_stream_manager.cc(1533)] MSPL::OnSpeedLimitChange({this=00005D24000B2D40}, {new_limit=68})
[10204:10004:0218/203252.046:VERBOSE1:media_stream_manager.cc(1533)] MSPL::OnSpeedLimitChange({this=00005D24000B2D40}, {new_limit=67})
[10204:10004:0218/203253.046:VERBOSE1:media_stream_manager.cc(1533)] MSPL::OnSpeedLimitChange({this=00005D24000B2D40}, {new_limit=66})
[10204:10004:0218/203256.046:VERBOSE1:media_stream_manager.cc(1533)] MSPL::OnSpeedLimitChange({this=00005D24000B2D40}, {new_limit=65})
[10204:10004:0218/203259.045:VERBOSE1:media_stream_manager.cc(1533)] MSPL::OnSpeedLimitChange({this=00005D24000B2D40}, {new_limit=63})
[10204:10004:0218/203301.051:VERBOSE1:media_stream_manager.cc(1533)] MSPL::OnSpeedLimitChange({this=00005D24000B2D40}, {new_limit=64})
[10204:10004:0218/203302.051:VERBOSE1:media_stream_manager.cc(1533)] MSPL::OnSpeedLimitChange({this=00005D24000B2D40}, {new_limit=66})
[10204:10004:0218/203304.049:VERBOSE1:media_stream_manager.cc(1533)] MSPL::OnSpeedLimitChange({this=00005D24000B2D40}, {new_limit=67})
[10204:10004:0218/203305.050:VERBOSE1:media_stream_manager.cc(1533)] MSPL::OnSpeedLimitChange({this=00005D24000B2D40}, {new_limit=66})
[10204:10004:0218/203307.051:VERBOSE1:media_stream_manager.cc(1533)] MSPL::OnSpeedLimitChange({this=00005D24000B2D40}, {new_limit=67})
[10204:10004:0218/203312.052:VERBOSE1:media_stream_manager.cc(1533)] MSPL::OnSpeedLimitChange({this=00005D24000B2D40}, {new_limit=65})
[10204:10004:0218/203314.053:VERBOSE1:media_stream_manager.cc(1533)] MSPL::OnSpeedLimitChange({this=00005D24000B2D40}, {new_limit=66})
[10204:10004:0218/203318.062:VERBOSE1:media_stream_manager.cc(1533)] MSPL::OnSpeedLimitChange({this=00005D24000B2D40}, {new_limit=65})
[10204:10004:0218/203319.062:VERBOSE1:media_stream_manager.cc(1533)] MSPL::OnSpeedLimitChange({this=00005D24000B2D40}, {new_limit=64})
[10204:10004:0218/203324.061:VERBOSE1:media_stream_manager.cc(1533)] MSPL::OnSpeedLimitChange({this=00005D24000B2D40}, {new_limit=63})
[10204:10004:0218/203325.062:VERBOSE1:media_stream_manager.cc(1533)] MSPL::OnSpeedLimitChange({this=00005D24000B2D40}, {new_limit=64})
[10204:10004:0218/203326.070:VERBOSE1:media_stream_manager.cc(1533)] MSPL::OnSpeedLimitChange({this=00005D24000B2D40}, {new_limit=63})
[10204:10004:0218/203328.066:VERBOSE1:media_stream_manager.cc(1533)] MSPL::OnSpeedLimitChange({this=00005D24000B2D40}, {new_limit=64})
[10204:10004:0218/203329.072:VERBOSE1:media_stream_manager.cc(1533)] MSPL::OnSpeedLimitChange({this=00005D24000B2D40}, {new_limit=65})
[10204:10004:0218/203330.072:VERBOSE1:media_stream_manager.cc(1533)] MSPL::OnSpeedLimitChange({this=00005D24000B2D40}, {new_limit=64})
[18352:16100:0218/203336.372:VERBOSE1:frame_impl.cc(620)] frame 6-6EB202F389C3D066CE7C055865DE4802 disconnected (reason=BROWSER_FRAME_DISCONNECT, current_state=CONNECTION_ACKED)
[18352:16100:0218/203336.372:VERBOSE1:frame_impl.cc(633)] frame 6-6EB202F389C3D066CE7C055865DE4802 connection retry scheduled
[18352:16100:0218/203336.372:VERBOSE1:frame_impl.cc(620)] frame 6-C82047D89A3CC6F5342BD69ADA54C3BC disconnected (reason=BROWSER_FRAME_DISCONNECT, current_state=CONNECTION_ACKED)
[18352:16100:0218/203336.372:VERBOSE1:frame_impl.cc(633)] frame 6-C82047D89A3CC6F5342BD69ADA54C3BC connection retry scheduled
